<?xml version="1.0" encoding="UTF-8"?>
<testng-results skipped="0" failed="0" total="1" passed="1">
  <reporter-output>
    <line>
      <![CDATA[Test Completed >>> Report generated.]]>
    </line>
  </reporter-output>
  <suite name="Suite" duration-ms="436177" started-at="2020-10-21T10:14:54Z" finished-at="2020-10-21T10:22:10Z">
    <groups>
    </groups>
    <test name="Test" duration-ms="436177" started-at="2020-10-21T10:14:54Z" finished-at="2020-10-21T10:22:10Z">
      <class name="com.testCases.RestAPITests">
        <test-method status="PASS" signature="loginAndAuthentication()[pri:0, instance:com.testCases.RestAPITests@4dfa3a9d]" name="loginAndAuthentication" is-config="true" duration-ms="8399" started-at="2020-10-21T15:44:54Z" finished-at="2020-10-21T15:45:02Z">
          <reporter-output>
          </reporter-output>
        </test-method> <!-- loginAndAuthentication -->
        <test-method status="PASS" signature="API_dataDriven()[pri:1, instance:com.testCases.RestAPITests@4dfa3a9d]" name="API_dataDriven" duration-ms="427767" started-at="2020-10-21T15:45:02Z" description="Running testcases from excel" finished-at="2020-10-21T15:52:10Z">
          <reporter-output>
          </reporter-output>
        </test-method> <!-- API_dataDriven -->
        <test-method status="PASS" signature="tearDown(org.testng.ITestResult)[pri:0, instance:com.testCases.RestAPITests@4dfa3a9d]" name="tearDown" is-config="true" duration-ms="1" started-at="2020-10-21T15:52:10Z" finished-at="2020-10-21T15:52:10Z">
          <params>
            <param index="0">
              <value>
                <![CDATA[[TestResult name=API_dataDriven status=SUCCESS method=RestAPITests.API_dataDriven()[pri:1, instance:com.testCases.RestAPITests@4dfa3a9d] output={null}]]]>
              </value>
            </param>
          </params>
          <reporter-output>
            <line>
              <![CDATA[Test Completed >>> Report generated.]]>
            </line>
          </reporter-output>
        </test-method> <!-- tearDown -->
      </class> <!-- com.testCases.RestAPITests -->
    </test> <!-- Test -->
  </suite> <!-- Suite -->
</testng-results>
